<?xml version="1.0" encoding="UTF-8"?>
<testsuite xmlns:xsi="http://www.w3.org/2001/XMLSchema-instance" xsi:noNamespaceSchemaLocation="https://maven.apache.org/surefire/maven-surefire-plugin/xsd/surefire-test-report.xsd" name="bguspl.set.ex.TableTest" time="0.028" tests="5" errors="0" skipped="0" failures="0">
  <properties>
[...]
</properties>
  <testcase name="countCards_AllSlotsAreFilled" classname="bguspl.set.ex.TableTest" time="0.003"/>
  <testcase name="placeCard_AllSlotsAreFilled" classname="bguspl.set.ex.TableTest" time="0.006"/>
  <testcase name="countCards_NoSlotsAreFilled" classname="bguspl.set.ex.TableTest" time="0"/>
  <testcase name="countCards_SomeSlotsAreFilled" classname="bguspl.set.ex.TableTest" time="0.002"/>
  <testcase name="placeCard_SomeSlotsAreFilled" classname="bguspl.set.ex.TableTest" time="0.004"/>
</testsuite>